2025-05-19 17:06:41,053-pre-processing-pre-processing-load the data successfully %s
2025-05-19 17:06:41,055-pre-processing-pre-processing-preprocessing start %s
2025-05-19 17:06:41,055-pre-processing-pre-processing-columns not found 'target'
2025-05-19 17:06:41,055-pre-processing-pre-processing-Failed to complete the data transformation process: 'target'
2025-05-19 17:07:22,598-pre-processing-pre-processing-load the data successfully %s
2025-05-19 17:07:22,598-pre-processing-pre-processing-preprocessing start %s
2025-05-19 17:07:22,610-pre-processing-pre-processing-Target column gets encoded %s
2025-05-19 17:07:22,627-pre-processing-pre-processing-Duplicates removed successfully %s
2025-05-19 17:07:47,820-pre-processing-pre-processing-text transform successfully %s
2025-05-19 17:07:47,827-pre-processing-pre-processing-preprocessing start %s
2025-05-19 17:07:47,827-pre-processing-pre-processing-Target column gets encoded %s
2025-05-19 17:07:47,827-pre-processing-pre-processing-Duplicates removed successfully %s
2025-05-19 17:07:54,226-pre-processing-pre-processing-text transform successfully %s
2025-05-19 17:07:54,232-pre-processing-pre-processing-Failed to complete the data transformation process: 'NoneType' object has no attribute 'to_csv'
2025-05-19 17:16:25,923-pre-processing-pre-processing-load the data successfully %s
2025-05-19 17:16:25,923-pre-processing-pre-processing-preprocessing start %s
2025-05-19 17:16:25,930-pre-processing-pre-processing-Target column gets encoded %s
2025-05-19 17:16:25,938-pre-processing-pre-processing-Duplicates removed successfully %s
2025-05-19 17:16:53,501-pre-processing-pre-processing-text transform successfully %s
2025-05-19 17:16:53,501-pre-processing-pre-processing-preprocessing start %s
2025-05-19 17:16:53,501-pre-processing-pre-processing-Target column gets encoded %s
2025-05-19 17:16:53,503-pre-processing-pre-processing-Duplicates removed successfully %s
2025-05-19 17:16:59,840-pre-processing-pre-processing-text transform successfully %s
2025-05-19 17:16:59,854-pre-processing-pre-processing-Failed to complete the data transformation process: 'NoneType' object has no attribute 'to_csv'
